<?xml version="1.0" encoding="UTF-8"?>
<!-- Generated by org.testng.reporters.JUnitXMLReporter -->
<testsuite ignored="0" hostname="LTIN485900" failures="0" tests="5" name="ZigWheels-Test" time="45.089" errors="0" timestamp="2024-04-08T12:20:03 IST">
  <testcase classname="testSuites.TestSuite1_UpcomingHondaBikes" name="validateNewBikesDropdown" time="4.607"/>
  <testcase classname="testSuites.TestSuite1_UpcomingHondaBikes" name="validateUpcomingBikeIsClickable" time="0.22"/>
  <testcase classname="testSuites.TestSuite1_UpcomingHondaBikes" name="validateUpcomingBikesButton" time="2.767"/>
  <testcase classname="testSuites.TestSuite1_UpcomingHondaBikes" name="validateManufacturerDropdown" time="3.374"/>
  <testcase classname="testSuites.TestSuite1_UpcomingHondaBikes" name="validateHondaButtonIsClickable" time="0.166"/>
</testsuite> <!-- ZigWheels-Test -->
