<?xml version="1.0" encoding="UTF-8"?>
<!-- Generated by org.testng.reporters.JUnitXMLReporter -->
<testsuite ignored="0" hostname="LTIN485900" failures="0" tests="21" name="ZigWheels(Chrome)-Test" time="92.363" errors="0" timestamp="2024-04-08T14:50:18 IST">
  <testcase classname="testSuites.TestSuite1_UpcomingHondaBikes" name="validateNewBikesDropdown" time="3.156"/>
  <testcase classname="testSuites.TestSuite1_UpcomingHondaBikes" name="validateUpcomingBikeIsClickable" time="0.14"/>
  <testcase classname="testSuites.TestSuite1_UpcomingHondaBikes" name="validateUpcomingBikesButton" time="2.222"/>
  <testcase classname="testSuites.TestSuite1_UpcomingHondaBikes" name="validateManufacturerDropdown" time="4.59"/>
  <testcase classname="testSuites.TestSuite1_UpcomingHondaBikes" name="validateHondaButtonIsClickable" time="0.175"/>
  <testcase classname="testSuites.TestSuite1_UpcomingHondaBikes" name="validateHondaButton" time="1.198"/>
  <testcase classname="testSuites.TestSuite1_UpcomingHondaBikes" name="validateViewMoreButtonIsClickable" time="0.104"/>
  <testcase classname="testSuites.TestSuite1_UpcomingHondaBikes" name="validateUpcomingHondaBikes" time="2.104"/>
  <testcase classname="testSuites.TestSuite1_UpcomingHondaBikes" name="validateTheMessage" time="0.037"/>
  <testcase classname="testSuites.TestSuite1_UpcomingHondaBikes" name="displayAllBikeDetails" time="4.893"/>
  <testcase classname="testSuites.TestSuite1_UpcomingHondaBikes" name="displayBelow4LakhBikeDetails" time="16.862"/>
  <testcase classname="testSuites.TestSuite2_UsedCarsInChennai" name="validateUsedCarsDropdown" time="1.171"/>
  <testcase classname="testSuites.TestSuite2_UsedCarsInChennai" name="validateChennaiIsClickable" time="0.078"/>
  <testcase classname="testSuites.TestSuite2_UsedCarsInChennai" name="validateChennaiLink" time="2.827"/>
  <testcase classname="testSuites.TestSuite2_UsedCarsInChennai" name="validatePopularModelsIsDisplayed" time="0.126"/>
  <testcase classname="testSuites.TestSuite2_UsedCarsInChennai" name="displayPopularModels" time="1.006"/>
  <testcase classname="testSuites.TestSuite3_Login" name="valiateLoginButtonIsClickable" time="0.069"/>
  <testcase classname="testSuites.TestSuite3_Login" name="validateLoginScreenVisible" time="0.282"/>
  <testcase classname="testSuites.TestSuite3_Login" name="validateGoogleButtonIsClickable" time="0.158"/>
  <testcase classname="testSuites.TestSuite3_Login" name="validateGoogleLink" time="5.336"/>
  <testcase classname="testSuites.TestSuite3_Login" name="captureErrorMessafeWithInvalidMail" time="1.276"/>
</testsuite> <!-- ZigWheels(Chrome)-Test -->
